This file contains any messages produced by compilers while
running configure, to aid debugging if configure makes a mistake.

It was created by sshband configure 0.1, which was
generated by GNU Autoconf 2.67.  Invocation command line was

  $ ./configure 

## --------- ##
## Platform. ##
## --------- ##

hostname = us10
uname -m = i686
uname -r = 2.6.32-308.8.2.el5.028stab101.1
uname -s = Linux
uname -v = #1 SMP Sun Jun 24 20:25:35 MSD 2012

/usr/bin/uname -p = unknown
/bin/uname -X     = unknown

/bin/arch              = unknown
/usr/bin/arch -k       = unknown
/usr/convex/getsysinfo = unknown
/usr/bin/hostinfo      = unknown
/bin/machine           = unknown
/usr/bin/oslevel       = unknown
/bin/universe          = unknown

PATH: /usr/local/sbin
PATH: /usr/local/bin
PATH: /usr/sbin
PATH: /usr/bin
PATH: /sbin
PATH: /bin


## ----------- ##
## Core tests. ##
## ----------- ##

configure:2335: checking for a BSD-compatible install
configure:2403: result: /usr/bin/install -c
configure:2414: checking whether build environment is sane
configure:2464: result: yes
configure:2605: checking for a thread-safe mkdir -p
configure:2644: result: /bin/mkdir -p
configure:2657: checking for gawk
configure:2673: found /usr/bin/gawk
configure:2684: result: gawk
configure:2695: checking whether make sets $(MAKE)
configure:2717: result: yes
configure:2847: checking for gcc
configure:2863: found /usr/bin/gcc
configure:2874: result: gcc
configure:3103: checking for C compiler version
configure:3112: gcc --version >&5
gcc (Debian 4.4.5-8) 4.4.5
Copyright (C) 2010 Free Software Foundation, Inc.
This is free software; see the source for copying conditions.  There is NO
warranty; not even for MERCHANTABILITY or FITNESS FOR A PARTICULAR PURPOSE.

configure:3123: $? = 0
configure:3112: gcc -v >&5
Using built-in specs.
Target: i486-linux-gnu
Configured with: ../src/configure -v --with-pkgversion='Debian 4.4.5-8' --with-bugurl=file:///usr/share/doc/gcc-4.4/README.Bugs --enable-languages=c,c++,fortran,objc,obj-c++ --prefix=/usr --program-suffix=-4.4 --enable-shared --enable-multiarch --enable-linker-build-id --with-system-zlib --libexecdir=/usr/lib --without-included-gettext --enable-threads=posix --with-gxx-include-dir=/usr/include/c++/4.4 --libdir=/usr/lib --enable-nls --enable-clocale=gnu --enable-libstdcxx-debug --enable-objc-gc --enable-targets=all --with-arch-32=i586 --with-tune=generic --enable-checking=release --build=i486-linux-gnu --host=i486-linux-gnu --target=i486-linux-gnu
Thread model: posix
gcc version 4.4.5 (Debian 4.4.5-8) 
configure:3123: $? = 0
configure:3112: gcc -V >&5
gcc: '-V' option must have argument
configure:3123: $? = 1
configure:3112: gcc -qversion >&5
gcc: unrecognized option '-qversion'
gcc: no input files
configure:3123: $? = 1
configure:3143: checking whether the C compiler works
configure:3165: gcc    conftest.c  >&5
configure:3169: $? = 0
configure:3217: result: yes
configure:3220: checking for C compiler default output file name
configure:3222: result: a.out
configure:3228: checking for suffix of executables
configure:3235: gcc -o conftest    conftest.c  >&5
configure:3239: $? = 0
configure:3261: result: 
configure:3283: checking whether we are cross compiling
configure:3291: gcc -o conftest    conftest.c  >&5
configure:3295: $? = 0
configure:3302: ./conftest
configure:3306: $? = 0
configure:3321: result: no
configure:3326: checking for suffix of object files
configure:3348: gcc -c   conftest.c >&5
configure:3352: $? = 0
configure:3373: result: o
configure:3377: checking whether we are using the GNU C compiler
configure:3396: gcc -c   conftest.c >&5
configure:3396: $? = 0
configure:3405: result: yes
configure:3414: checking whether gcc accepts -g
configure:3434: gcc -c -g  conftest.c >&5
configure:3434: $? = 0
configure:3475: result: yes
configure:3492: checking for gcc option to accept ISO C89
configure:3556: gcc  -c -g -O2  conftest.c >&5
configure:3556: $? = 0
configure:3569: result: none needed
configure:3600: checking for style of include used by make
configure:3628: result: GNU
configure:3653: checking dependency style of gcc
configure:3763: result: gcc3
configure:3781: checking for mysql_init in -lmysqlclient
configure:3806: gcc -o conftest -g -O2   conftest.c -lmysqlclient   >&5
configure:3806: $? = 0
configure:3815: result: yes
configure:3829: checking for pcap_loop in -lpcap
configure:3854: gcc -o conftest -g -O2   conftest.c -lpcap  -lmysqlclient  >&5
configure:3854: $? = 0
configure:3863: result: yes
configure:3884: checking how to run the C preprocessor
configure:3915: gcc -E  conftest.c
configure:3915: $? = 0
configure:3929: gcc -E  conftest.c
conftest.c:13:28: error: ac_nonexistent.h: No such file or directory
configure:3929: $? = 1
configure: failed program was:
| /* confdefs.h */
| #define PACKAGE_NAME "sshband"
| #define PACKAGE_TARNAME "sshband"
| #define PACKAGE_VERSION "0.1"
| #define PACKAGE_STRING "sshband 0.1"
| #define PACKAGE_BUGREPORT "gs@bbxy.net"
| #define PACKAGE_URL ""
| #define PACKAGE "sshband"
| #define VERSION "0.1"
| #define HAVE_LIBMYSQLCLIENT 1
| #define HAVE_LIBPCAP 1
| /* end confdefs.h.  */
| #include <ac_nonexistent.h>
configure:3954: result: gcc -E
configure:3974: gcc -E  conftest.c
configure:3974: $? = 0
configure:3988: gcc -E  conftest.c
conftest.c:13:28: error: ac_nonexistent.h: No such file or directory
configure:3988: $? = 1
configure: failed program was:
| /* confdefs.h */
| #define PACKAGE_NAME "sshband"
| #define PACKAGE_TARNAME "sshband"
| #define PACKAGE_VERSION "0.1"
| #define PACKAGE_STRING "sshband 0.1"
| #define PACKAGE_BUGREPORT "gs@bbxy.net"
| #define PACKAGE_URL ""
| #define PACKAGE "sshband"
| #define VERSION "0.1"
| #define HAVE_LIBMYSQLCLIENT 1
| #define HAVE_LIBPCAP 1
| /* end confdefs.h.  */
| #include <ac_nonexistent.h>
configure:4017: checking for grep that handles long lines and -e
configure:4075: result: /bin/grep
configure:4080: checking for egrep
configure:4142: result: /bin/grep -E
configure:4147: checking for ANSI C header files
configure:4167: gcc -c -g -O2  conftest.c >&5
configure:4167: $? = 0
configure:4240: gcc -o conftest -g -O2   conftest.c -lpcap -lmysqlclient  >&5
configure:4240: $? = 0
configure:4240: ./conftest
configure:4240: $? = 0
configure:4251: result: yes
configure:4264: checking for sys/types.h
configure:4264: gcc -c -g -O2  conftest.c >&5
configure:4264: $? = 0
configure:4264: result: yes
configure:4264: checking for sys/stat.h
configure:4264: gcc -c -g -O2  conftest.c >&5
configure:4264: $? = 0
configure:4264: result: yes
configure:4264: checking for stdlib.h
configure:4264: gcc -c -g -O2  conftest.c >&5
configure:4264: $? = 0
configure:4264: result: yes
configure:4264: checking for string.h
configure:4264: gcc -c -g -O2  conftest.c >&5
configure:4264: $? = 0
configure:4264: result: yes
configure:4264: checking for memory.h
configure:4264: gcc -c -g -O2  conftest.c >&5
configure:4264: $? = 0
configure:4264: result: yes
configure:4264: checking for strings.h
configure:4264: gcc -c -g -O2  conftest.c >&5
configure:4264: $? = 0
configure:4264: result: yes
configure:4264: checking for inttypes.h
configure:4264: gcc -c -g -O2  conftest.c >&5
configure:4264: $? = 0
configure:4264: result: yes
configure:4264: checking for stdint.h
configure:4264: gcc -c -g -O2  conftest.c >&5
configure:4264: $? = 0
configure:4264: result: yes
configure:4264: checking for unistd.h
configure:4264: gcc -c -g -O2  conftest.c >&5
configure:4264: $? = 0
configure:4264: result: yes
configure:4279: checking arpa/inet.h usability
configure:4279: gcc -c -g -O2  conftest.c >&5
configure:4279: $? = 0
configure:4279: result: yes
configure:4279: checking arpa/inet.h presence
configure:4279: gcc -E  conftest.c
configure:4279: $? = 0
configure:4279: result: yes
configure:4279: checking for arpa/inet.h
configure:4279: result: yes
configure:4279: checking netinet/in.h usability
configure:4279: gcc -c -g -O2  conftest.c >&5
configure:4279: $? = 0
configure:4279: result: yes
configure:4279: checking netinet/in.h presence
configure:4279: gcc -E  conftest.c
configure:4279: $? = 0
configure:4279: result: yes
configure:4279: checking for netinet/in.h
configure:4279: result: yes
configure:4279: checking for stdint.h
configure:4279: result: yes
configure:4279: checking for stdlib.h
configure:4279: result: yes
configure:4279: checking for string.h
configure:4279: result: yes
configure:4279: checking sys/socket.h usability
configure:4279: gcc -c -g -O2  conftest.c >&5
configure:4279: $? = 0
configure:4279: result: yes
configure:4279: checking sys/socket.h presence
configure:4279: gcc -E  conftest.c
configure:4279: $? = 0
configure:4279: result: yes
configure:4279: checking for sys/socket.h
configure:4279: result: yes
configure:4279: checking sys/time.h usability
configure:4279: gcc -c -g -O2  conftest.c >&5
configure:4279: $? = 0
configure:4279: result: yes
configure:4279: checking sys/time.h presence
configure:4279: gcc -E  conftest.c
configure:4279: $? = 0
configure:4279: result: yes
configure:4279: checking for sys/time.h
configure:4279: result: yes
configure:4279: checking syslog.h usability
configure:4279: gcc -c -g -O2  conftest.c >&5
configure:4279: $? = 0
configure:4279: result: yes
configure:4279: checking syslog.h presence
configure:4279: gcc -E  conftest.c
configure:4279: $? = 0
configure:4279: result: yes
configure:4279: checking for syslog.h
configure:4279: result: yes
configure:4279: checking for unistd.h
configure:4279: result: yes
configure:4290: checking for mysql/mysql.h
configure:4290: gcc -c -g -O2  conftest.c >&5
configure:4290: $? = 0
configure:4290: result: yes
configure:4300: checking for pcap.h
configure:4300: gcc -c -g -O2  conftest.c >&5
configure:4300: $? = 0
configure:4300: result: yes
configure:4311: checking for int8_t
configure:4311: gcc -c -g -O2  conftest.c >&5
configure:4311: $? = 0
configure:4311: gcc -c -g -O2  conftest.c >&5
conftest.c: In function 'main':
conftest.c:70: error: size of array 'test_array' is negative
configure:4311: $? = 1
configure: failed program was:
| /* confdefs.h */
| #define PACKAGE_NAME "sshband"
| #define PACKAGE_TARNAME "sshband"
| #define PACKAGE_VERSION "0.1"
| #define PACKAGE_STRING "sshband 0.1"
| #define PACKAGE_BUGREPORT "gs@bbxy.net"
| #define PACKAGE_URL ""
| #define PACKAGE "sshband"
| #define VERSION "0.1"
| #define HAVE_LIBMYSQLCLIENT 1
| #define HAVE_LIBPCAP 1
| #define STDC_HEADERS 1
| #define HAVE_SYS_TYPES_H 1
| #define HAVE_SYS_STAT_H 1
| #define HAVE_STDLIB_H 1
| #define HAVE_STRING_H 1
| #define HAVE_MEMORY_H 1
| #define HAVE_STRINGS_H 1
| #define HAVE_INTTYPES_H 1
| #define HAVE_STDINT_H 1
| #define HAVE_UNISTD_H 1
| #define HAVE_ARPA_INET_H 1
| #define HAVE_NETINET_IN_H 1
| #define HAVE_STDINT_H 1
| #define HAVE_STDLIB_H 1
| #define HAVE_STRING_H 1
| #define HAVE_SYS_SOCKET_H 1
| #define HAVE_SYS_TIME_H 1
| #define HAVE_SYSLOG_H 1
| #define HAVE_UNISTD_H 1
| /* end confdefs.h.  */
| #include <stdio.h>
| #ifdef HAVE_SYS_TYPES_H
| # include <sys/types.h>
| #endif
| #ifdef HAVE_SYS_STAT_H
| # include <sys/stat.h>
| #endif
| #ifdef STDC_HEADERS
| # include <stdlib.h>
| # include <stddef.h>
| #else
| # ifdef HAVE_STDLIB_H
| #  include <stdlib.h>
| # endif
| #endif
| #ifdef HAVE_STRING_H
| # if !defined STDC_HEADERS && defined HAVE_MEMORY_H
| #  include <memory.h>
| # endif
| # include <string.h>
| #endif
| #ifdef HAVE_STRINGS_H
| # include <strings.h>
| #endif
| #ifdef HAVE_INTTYPES_H
| # include <inttypes.h>
| #endif
| #ifdef HAVE_STDINT_H
| # include <stdint.h>
| #endif
| #ifdef HAVE_UNISTD_H
| # include <unistd.h>
| #endif
| 	        enum { N = 8 / 2 - 1 };
| int
| main ()
| {
| static int test_array [1 - 2 * !((int8_t) (((((int8_t) 1 << N) << N) - 1) * 2 + 1)
| 		 < (int8_t) (((((int8_t) 1 << N) << N) - 1) * 2 + 2))];
| test_array [0] = 0
| 
|   ;
|   return 0;
| }
configure:4311: result: yes
configure:4322: checking for pid_t
configure:4322: gcc -c -g -O2  conftest.c >&5
configure:4322: $? = 0
configure:4322: gcc -c -g -O2  conftest.c >&5
conftest.c: In function 'main':
conftest.c:68: error: expected expression before ')' token
configure:4322: $? = 1
configure: failed program was:
| /* confdefs.h */
| #define PACKAGE_NAME "sshband"
| #define PACKAGE_TARNAME "sshband"
| #define PACKAGE_VERSION "0.1"
| #define PACKAGE_STRING "sshband 0.1"
| #define PACKAGE_BUGREPORT "gs@bbxy.net"
| #define PACKAGE_URL ""
| #define PACKAGE "sshband"
| #define VERSION "0.1"
| #define HAVE_LIBMYSQLCLIENT 1
| #define HAVE_LIBPCAP 1
| #define STDC_HEADERS 1
| #define HAVE_SYS_TYPES_H 1
| #define HAVE_SYS_STAT_H 1
| #define HAVE_STDLIB_H 1
| #define HAVE_STRING_H 1
| #define HAVE_MEMORY_H 1
| #define HAVE_STRINGS_H 1
| #define HAVE_INTTYPES_H 1
| #define HAVE_STDINT_H 1
| #define HAVE_UNISTD_H 1
| #define HAVE_ARPA_INET_H 1
| #define HAVE_NETINET_IN_H 1
| #define HAVE_STDINT_H 1
| #define HAVE_STDLIB_H 1
| #define HAVE_STRING_H 1
| #define HAVE_SYS_SOCKET_H 1
| #define HAVE_SYS_TIME_H 1
| #define HAVE_SYSLOG_H 1
| #define HAVE_UNISTD_H 1
| /* end confdefs.h.  */
| #include <stdio.h>
| #ifdef HAVE_SYS_TYPES_H
| # include <sys/types.h>
| #endif
| #ifdef HAVE_SYS_STAT_H
| # include <sys/stat.h>
| #endif
| #ifdef STDC_HEADERS
| # include <stdlib.h>
| # include <stddef.h>
| #else
| # ifdef HAVE_STDLIB_H
| #  include <stdlib.h>
| # endif
| #endif
| #ifdef HAVE_STRING_H
| # if !defined STDC_HEADERS && defined HAVE_MEMORY_H
| #  include <memory.h>
| # endif
| # include <string.h>
| #endif
| #ifdef HAVE_STRINGS_H
| # include <strings.h>
| #endif
| #ifdef HAVE_INTTYPES_H
| # include <inttypes.h>
| #endif
| #ifdef HAVE_STDINT_H
| # include <stdint.h>
| #endif
| #ifdef HAVE_UNISTD_H
| # include <unistd.h>
| #endif
| int
| main ()
| {
| if (sizeof ((pid_t)))
| 	    return 0;
|   ;
|   return 0;
| }
configure:4322: result: yes
configure:4333: checking for size_t
configure:4333: gcc -c -g -O2  conftest.c >&5
configure:4333: $? = 0
configure:4333: gcc -c -g -O2  conftest.c >&5
conftest.c: In function 'main':
conftest.c:68: error: expected expression before ')' token
configure:4333: $? = 1
configure: failed program was:
| /* confdefs.h */
| #define PACKAGE_NAME "sshband"
| #define PACKAGE_TARNAME "sshband"
| #define PACKAGE_VERSION "0.1"
| #define PACKAGE_STRING "sshband 0.1"
| #define PACKAGE_BUGREPORT "gs@bbxy.net"
| #define PACKAGE_URL ""
| #define PACKAGE "sshband"
| #define VERSION "0.1"
| #define HAVE_LIBMYSQLCLIENT 1
| #define HAVE_LIBPCAP 1
| #define STDC_HEADERS 1
| #define HAVE_SYS_TYPES_H 1
| #define HAVE_SYS_STAT_H 1
| #define HAVE_STDLIB_H 1
| #define HAVE_STRING_H 1
| #define HAVE_MEMORY_H 1
| #define HAVE_STRINGS_H 1
| #define HAVE_INTTYPES_H 1
| #define HAVE_STDINT_H 1
| #define HAVE_UNISTD_H 1
| #define HAVE_ARPA_INET_H 1
| #define HAVE_NETINET_IN_H 1
| #define HAVE_STDINT_H 1
| #define HAVE_STDLIB_H 1
| #define HAVE_STRING_H 1
| #define HAVE_SYS_SOCKET_H 1
| #define HAVE_SYS_TIME_H 1
| #define HAVE_SYSLOG_H 1
| #define HAVE_UNISTD_H 1
| /* end confdefs.h.  */
| #include <stdio.h>
| #ifdef HAVE_SYS_TYPES_H
| # include <sys/types.h>
| #endif
| #ifdef HAVE_SYS_STAT_H
| # include <sys/stat.h>
| #endif
| #ifdef STDC_HEADERS
| # include <stdlib.h>
| # include <stddef.h>
| #else
| # ifdef HAVE_STDLIB_H
| #  include <stdlib.h>
| # endif
| #endif
| #ifdef HAVE_STRING_H
| # if !defined STDC_HEADERS && defined HAVE_MEMORY_H
| #  include <memory.h>
| # endif
| # include <string.h>
| #endif
| #ifdef HAVE_STRINGS_H
| # include <strings.h>
| #endif
| #ifdef HAVE_INTTYPES_H
| # include <inttypes.h>
| #endif
| #ifdef HAVE_STDINT_H
| # include <stdint.h>
| #endif
| #ifdef HAVE_UNISTD_H
| # include <unistd.h>
| #endif
| int
| main ()
| {
| if (sizeof ((size_t)))
| 	    return 0;
|   ;
|   return 0;
| }
configure:4333: result: yes
configure:4344: checking for uid_t in sys/types.h
configure:4363: result: yes
configure:4374: checking for uint64_t
configure:4374: gcc -c -g -O2  conftest.c >&5
configure:4374: $? = 0
configure:4374: result: yes
configure:4392: checking vfork.h usability
configure:4392: gcc -c -g -O2  conftest.c >&5
conftest.c:65:19: error: vfork.h: No such file or directory
configure:4392: $? = 1
configure: failed program was:
| /* confdefs.h */
| #define PACKAGE_NAME "sshband"
| #define PACKAGE_TARNAME "sshband"
| #define PACKAGE_VERSION "0.1"
| #define PACKAGE_STRING "sshband 0.1"
| #define PACKAGE_BUGREPORT "gs@bbxy.net"
| #define PACKAGE_URL ""
| #define PACKAGE "sshband"
| #define VERSION "0.1"
| #define HAVE_LIBMYSQLCLIENT 1
| #define HAVE_LIBPCAP 1
| #define STDC_HEADERS 1
| #define HAVE_SYS_TYPES_H 1
| #define HAVE_SYS_STAT_H 1
| #define HAVE_STDLIB_H 1
| #define HAVE_STRING_H 1
| #define HAVE_MEMORY_H 1
| #define HAVE_STRINGS_H 1
| #define HAVE_INTTYPES_H 1
| #define HAVE_STDINT_H 1
| #define HAVE_UNISTD_H 1
| #define HAVE_ARPA_INET_H 1
| #define HAVE_NETINET_IN_H 1
| #define HAVE_STDINT_H 1
| #define HAVE_STDLIB_H 1
| #define HAVE_STRING_H 1
| #define HAVE_SYS_SOCKET_H 1
| #define HAVE_SYS_TIME_H 1
| #define HAVE_SYSLOG_H 1
| #define HAVE_UNISTD_H 1
| /* end confdefs.h.  */
| #include <stdio.h>
| #ifdef HAVE_SYS_TYPES_H
| # include <sys/types.h>
| #endif
| #ifdef HAVE_SYS_STAT_H
| # include <sys/stat.h>
| #endif
| #ifdef STDC_HEADERS
| # include <stdlib.h>
| # include <stddef.h>
| #else
| # ifdef HAVE_STDLIB_H
| #  include <stdlib.h>
| # endif
| #endif
| #ifdef HAVE_STRING_H
| # if !defined STDC_HEADERS && defined HAVE_MEMORY_H
| #  include <memory.h>
| # endif
| # include <string.h>
| #endif
| #ifdef HAVE_STRINGS_H
| # include <strings.h>
| #endif
| #ifdef HAVE_INTTYPES_H
| # include <inttypes.h>
| #endif
| #ifdef HAVE_STDINT_H
| # include <stdint.h>
| #endif
| #ifdef HAVE_UNISTD_H
| # include <unistd.h>
| #endif
| #include <vfork.h>
configure:4392: result: no
configure:4392: checking vfork.h presence
configure:4392: gcc -E  conftest.c
conftest.c:32:19: error: vfork.h: No such file or directory
configure:4392: $? = 1
configure: failed program was:
| /* confdefs.h */
| #define PACKAGE_NAME "sshband"
| #define PACKAGE_TARNAME "sshband"
| #define PACKAGE_VERSION "0.1"
| #define PACKAGE_STRING "sshband 0.1"
| #define PACKAGE_BUGREPORT "gs@bbxy.net"
| #define PACKAGE_URL ""
| #define PACKAGE "sshband"
| #define VERSION "0.1"
| #define HAVE_LIBMYSQLCLIENT 1
| #define HAVE_LIBPCAP 1
| #define STDC_HEADERS 1
| #define HAVE_SYS_TYPES_H 1
| #define HAVE_SYS_STAT_H 1
| #define HAVE_STDLIB_H 1
| #define HAVE_STRING_H 1
| #define HAVE_MEMORY_H 1
| #define HAVE_STRINGS_H 1
| #define HAVE_INTTYPES_H 1
| #define HAVE_STDINT_H 1
| #define HAVE_UNISTD_H 1
| #define HAVE_ARPA_INET_H 1
| #define HAVE_NETINET_IN_H 1
| #define HAVE_STDINT_H 1
| #define HAVE_STDLIB_H 1
| #define HAVE_STRING_H 1
| #define HAVE_SYS_SOCKET_H 1
| #define HAVE_SYS_TIME_H 1
| #define HAVE_SYSLOG_H 1
| #define HAVE_UNISTD_H 1
| /* end confdefs.h.  */
| #include <vfork.h>
configure:4392: result: no
configure:4392: checking for vfork.h
configure:4392: result: no
configure:4405: checking for fork
configure:4405: gcc -o conftest -g -O2   conftest.c -lpcap -lmysqlclient  >&5
conftest.c:55: warning: conflicting types for built-in function 'fork'
configure:4405: $? = 0
configure:4405: result: yes
configure:4405: checking for vfork
configure:4405: gcc -o conftest -g -O2   conftest.c -lpcap -lmysqlclient  >&5
configure:4405: $? = 0
configure:4405: result: yes
configure:4415: checking for working fork
configure:4437: gcc -o conftest -g -O2   conftest.c -lpcap -lmysqlclient  >&5
configure:4437: $? = 0
configure:4437: ./conftest
configure:4437: $? = 0
configure:4447: result: yes
configure:4468: checking for working vfork
configure:4578: result: yes
configure:4605: checking for stdlib.h
configure:4605: result: yes
configure:4615: checking for GNU libc compatible malloc
configure:4639: gcc -o conftest -g -O2   conftest.c -lpcap -lmysqlclient  >&5
configure:4639: $? = 0
configure:4639: ./conftest
configure:4639: $? = 0
configure:4649: result: yes
configure:4673: checking for inet_ntoa
configure:4673: gcc -o conftest -g -O2   conftest.c -lpcap -lmysqlclient  >&5
configure:4673: $? = 0
configure:4673: result: yes
configure:4673: checking for memmove
configure:4673: gcc -o conftest -g -O2   conftest.c -lpcap -lmysqlclient  >&5
conftest.c:62: warning: conflicting types for built-in function 'memmove'
configure:4673: $? = 0
configure:4673: result: yes
configure:4673: checking for memset
configure:4673: gcc -o conftest -g -O2   conftest.c -lpcap -lmysqlclient  >&5
conftest.c:63: warning: conflicting types for built-in function 'memset'
configure:4673: $? = 0
configure:4673: result: yes
configure:4673: checking for strchr
configure:4673: gcc -o conftest -g -O2   conftest.c -lpcap -lmysqlclient  >&5
conftest.c:64: warning: conflicting types for built-in function 'strchr'
configure:4673: $? = 0
configure:4673: result: yes
configure:4673: checking for strerror
configure:4673: gcc -o conftest -g -O2   conftest.c -lpcap -lmysqlclient  >&5
configure:4673: $? = 0
configure:4673: result: yes
configure:4673: checking for strrchr
configure:4673: gcc -o conftest -g -O2   conftest.c -lpcap -lmysqlclient  >&5
conftest.c:66: warning: conflicting types for built-in function 'strrchr'
configure:4673: $? = 0
configure:4673: result: yes
configure:4673: checking for strstr
configure:4673: gcc -o conftest -g -O2   conftest.c -lpcap -lmysqlclient  >&5
conftest.c:67: warning: conflicting types for built-in function 'strstr'
configure:4673: $? = 0
configure:4673: result: yes
configure:4804: creating ./config.status

## ---------------------- ##
## Running config.status. ##
## ---------------------- ##

This file was extended by sshband config.status 0.1, which was
generated by GNU Autoconf 2.67.  Invocation command line was

  CONFIG_FILES    = 
  CONFIG_HEADERS  = 
  CONFIG_LINKS    = 
  CONFIG_COMMANDS = 
  $ ./config.status 

on us10

config.status:882: creating Makefile
config.status:882: creating src/Makefile
config.status:882: creating doc/Makefile
config.status:882: creating config.h
config.status:1110: executing depfiles commands

## ---------------- ##
## Cache variables. ##
## ---------------- ##

ac_cv_c_compiler_gnu=yes
ac_cv_c_int8_t=yes
ac_cv_c_uint64_t=yes
ac_cv_env_CC_set=
ac_cv_env_CC_value=
ac_cv_env_CFLAGS_set=
ac_cv_env_CFLAGS_value=
ac_cv_env_CPPFLAGS_set=
ac_cv_env_CPPFLAGS_value=
ac_cv_env_CPP_set=
ac_cv_env_CPP_value=
ac_cv_env_LDFLAGS_set=
ac_cv_env_LDFLAGS_value=
ac_cv_env_LIBS_set=
ac_cv_env_LIBS_value=
ac_cv_env_build_alias_set=
ac_cv_env_build_alias_value=
ac_cv_env_host_alias_set=
ac_cv_env_host_alias_value=
ac_cv_env_target_alias_set=
ac_cv_env_target_alias_value=
ac_cv_func_fork=yes
ac_cv_func_fork_works=yes
ac_cv_func_inet_ntoa=yes
ac_cv_func_malloc_0_nonnull=yes
ac_cv_func_memmove=yes
ac_cv_func_memset=yes
ac_cv_func_strchr=yes
ac_cv_func_strerror=yes
ac_cv_func_strrchr=yes
ac_cv_func_strstr=yes
ac_cv_func_vfork=yes
ac_cv_func_vfork_works=yes
ac_cv_header_arpa_inet_h=yes
ac_cv_header_inttypes_h=yes
ac_cv_header_memory_h=yes
ac_cv_header_mysql_mysql_h=yes
ac_cv_header_netinet_in_h=yes
ac_cv_header_pcap_h=yes
ac_cv_header_stdc=yes
ac_cv_header_stdint_h=yes
ac_cv_header_stdlib_h=yes
ac_cv_header_string_h=yes
ac_cv_header_strings_h=yes
ac_cv_header_sys_socket_h=yes
ac_cv_header_sys_stat_h=yes
ac_cv_header_sys_time_h=yes
ac_cv_header_sys_types_h=yes
ac_cv_header_syslog_h=yes
ac_cv_header_unistd_h=yes
ac_cv_header_vfork_h=no
ac_cv_lib_mysqlclient_mysql_init=yes
ac_cv_lib_pcap_pcap_loop=yes
ac_cv_objext=o
ac_cv_path_EGREP='/bin/grep -E'
ac_cv_path_GREP=/bin/grep
ac_cv_path_install='/usr/bin/install -c'
ac_cv_path_mkdir=/bin/mkdir
ac_cv_prog_AWK=gawk
ac_cv_prog_CPP='gcc -E'
ac_cv_prog_ac_ct_CC=gcc
ac_cv_prog_cc_c89=
ac_cv_prog_cc_g=yes
ac_cv_prog_make_make_set=yes
ac_cv_type_pid_t=yes
ac_cv_type_size_t=yes
ac_cv_type_uid_t=yes
am_cv_CC_dependencies_compiler_type=gcc3

## ----------------- ##
## Output variables. ##
## ----------------- ##

ACLOCAL='${SHELL} /root/sshband/missing --run aclocal-1.11'
AMDEPBACKSLASH='\'
AMDEP_FALSE='#'
AMDEP_TRUE=''
AMTAR='${SHELL} /root/sshband/missing --run tar'
AUTOCONF='${SHELL} /root/sshband/missing --run autoconf'
AUTOHEADER='${SHELL} /root/sshband/missing --run autoheader'
AUTOMAKE='${SHELL} /root/sshband/missing --run automake-1.11'
AWK='gawk'
CC='gcc'
CCDEPMODE='depmode=gcc3'
CFLAGS='-g -O2'
CPP='gcc -E'
CPPFLAGS=''
CYGPATH_W='echo'
DEFS='-DHAVE_CONFIG_H'
DEPDIR='.deps'
ECHO_C=''
ECHO_N='-n'
ECHO_T=''
EGREP='/bin/grep -E'
EXEEXT=''
GREP='/bin/grep'
INSTALL_DATA='${INSTALL} -m 644'
INSTALL_PROGRAM='${INSTALL}'
INSTALL_SCRIPT='${INSTALL}'
INSTALL_STRIP_PROGRAM='$(install_sh) -c -s'
LDFLAGS=''
LIBOBJS=''
LIBS='-lpcap -lmysqlclient '
LTLIBOBJS=''
MAKEINFO='${SHELL} /root/sshband/missing --run makeinfo'
MKDIR_P='/bin/mkdir -p'
OBJEXT='o'
PACKAGE='sshband'
PACKAGE_BUGREPORT='gs@bbxy.net'
PACKAGE_NAME='sshband'
PACKAGE_STRING='sshband 0.1'
PACKAGE_TARNAME='sshband'
PACKAGE_URL=''
PACKAGE_VERSION='0.1'
PATH_SEPARATOR=':'
SET_MAKE=''
SHELL='/bin/sh'
STRIP=''
VERSION='0.1'
ac_ct_CC='gcc'
am__EXEEXT_FALSE=''
am__EXEEXT_TRUE='#'
am__fastdepCC_FALSE='#'
am__fastdepCC_TRUE=''
am__include='include'
am__isrc=''
am__leading_dot='.'
am__quote=''
am__tar='${AMTAR} chof - "$$tardir"'
am__untar='${AMTAR} xf -'
bindir='${exec_prefix}/bin'
build_alias=''
datadir='${datarootdir}'
datarootdir='${prefix}/share'
docdir='${datarootdir}/doc/${PACKAGE_TARNAME}'
dvidir='${docdir}'
exec_prefix='${prefix}'
host_alias=''
htmldir='${docdir}'
includedir='${prefix}/include'
infodir='${datarootdir}/info'
install_sh='${SHELL} /root/sshband/install-sh'
libdir='${exec_prefix}/lib'
libexecdir='${exec_prefix}/libexec'
localedir='${datarootdir}/locale'
localstatedir='${prefix}/var'
mandir='${datarootdir}/man'
mkdir_p='/bin/mkdir -p'
oldincludedir='/usr/include'
pdfdir='${docdir}'
prefix='/usr/local'
program_transform_name='s,x,x,'
psdir='${docdir}'
sbindir='${exec_prefix}/sbin'
sharedstatedir='${prefix}/com'
sysconfdir='${prefix}/etc'
target_alias=''

## ----------- ##
## confdefs.h. ##
## ----------- ##

/* confdefs.h */
#define PACKAGE_NAME "sshband"
#define PACKAGE_TARNAME "sshband"
#define PACKAGE_VERSION "0.1"
#define PACKAGE_STRING "sshband 0.1"
#define PACKAGE_BUGREPORT "gs@bbxy.net"
#define PACKAGE_URL ""
#define PACKAGE "sshband"
#define VERSION "0.1"
#define HAVE_LIBMYSQLCLIENT 1
#define HAVE_LIBPCAP 1
#define STDC_HEADERS 1
#define HAVE_SYS_TYPES_H 1
#define HAVE_SYS_STAT_H 1
#define HAVE_STDLIB_H 1
#define HAVE_STRING_H 1
#define HAVE_MEMORY_H 1
#define HAVE_STRINGS_H 1
#define HAVE_INTTYPES_H 1
#define HAVE_STDINT_H 1
#define HAVE_UNISTD_H 1
#define HAVE_ARPA_INET_H 1
#define HAVE_NETINET_IN_H 1
#define HAVE_STDINT_H 1
#define HAVE_STDLIB_H 1
#define HAVE_STRING_H 1
#define HAVE_SYS_SOCKET_H 1
#define HAVE_SYS_TIME_H 1
#define HAVE_SYSLOG_H 1
#define HAVE_UNISTD_H 1
#define HAVE_FORK 1
#define HAVE_VFORK 1
#define HAVE_WORKING_VFORK 1
#define HAVE_WORKING_FORK 1
#define HAVE_STDLIB_H 1
#define HAVE_MALLOC 1
#define HAVE_INET_NTOA 1
#define HAVE_MEMMOVE 1
#define HAVE_MEMSET 1
#define HAVE_STRCHR 1
#define HAVE_STRERROR 1
#define HAVE_STRRCHR 1
#define HAVE_STRSTR 1

configure: exit 0
